<?xml version="1.0" encoding="UTF-8"?>
<!-- Generated by org.testng.reporters.JUnitXMLReporter -->
<testsuite ignored="0" hostname="DESKTOP-SSR0MR3" failures="5" tests="9" name="EOAPITest" time="4.241" errors="0" timestamp="26 Jan 2021 09:22:56 GMT">
  <testcase classname="com.eo.tests.GetUsers" name="getUsersValidEP_TC001" time="1.967"/>
  <testcase classname="com.eo.tests.PostNewUser" name="createNewUser_TC004" time="0.24"/>
  <testcase classname="com.eo.tests.PostNewUser" name="createNewUser_TC004" time="0.203"/>
  <testcase classname="com.eo.tests.PostNewUser" name="createNewUser_TC004" time="0.198"/>
  <testcase classname="com.eo.tests.GetUsers" name="getUsersCount_TC002" time="0.12">
    <failure type="java.lang.AssertionError" message="expected [6] but found [12]">
      <![CDATA[java.lang.AssertionError: expected [6] but found [12]
at com.eo.tests.GetUsers.getUsersCount_TC002(GetUsers.java:72)
... Removed 31 stack frames]]>
    </failure>
  </testcase> <!-- getUsersCount_TC002 -->
  <testcase classname="com.eo.tests.PostNewUser" name="createNewUserIncorrectEP_TC005" time="0.131">
    <failure type="java.lang.AssertionError" message="expected [201] but found [404]">
      <![CDATA[java.lang.AssertionError: expected [201] but found [404]
at com.eo.tests.PostNewUser.createNewUserIncorrectEP_TC005(PostNewUser.java:78)
... Removed 31 stack frames]]>
    </failure>
  </testcase> <!-- createNewUserIncorrectEP_TC005 -->
  <testcase classname="com.eo.tests.GetUsers" name="getUsersIncorrectEP_TC003" time="0.167">
    <failure type="java.lang.AssertionError" message="expected [200] but found [404]">
      <![CDATA[java.lang.AssertionError: expected [200] but found [404]
at com.eo.tests.GetUsers.getUsersIncorrectEP_TC003(GetUsers.java:86)
... Removed 31 stack frames]]>
    </failure>
  </testcase> <!-- getUsersIncorrectEP_TC003 -->
  <testcase classname="com.eo.tests.PostNewUser" name="createNewUserIncorrectParamValuesInteger_TC006" time="0.149">
    <failure type="java.lang.AssertionError" message="expected [201] but found [400]">
      <![CDATA[java.lang.AssertionError: expected [201] but found [400]
at com.eo.tests.PostNewUser.createNewUserIncorrectParamValuesInteger_TC006(PostNewUser.java:102)
... Removed 31 stack frames]]>
    </failure>
  </testcase> <!-- createNewUserIncorrectParamValuesInteger_TC006 -->
  <testcase classname="com.eo.tests.PostNewUser" name="createNewUserIncorrectParamValuesSpecChar_TC007" time="0.136">
    <failure type="java.lang.AssertionError" message="expected [201] but found [400]">
      <![CDATA[java.lang.AssertionError: expected [201] but found [400]
at com.eo.tests.PostNewUser.createNewUserIncorrectParamValuesSpecChar_TC007(PostNewUser.java:128)
... Removed 31 stack frames]]>
    </failure>
  </testcase> <!-- createNewUserIncorrectParamValuesSpecChar_TC007 -->
</testsuite> <!-- EOAPITest -->
