<?xml version="1.0" encoding="UTF-8"?>
<!-- Generated by org.testng.reporters.JUnitXMLReporter -->
<testsuite ignored="0" hostname="DESKTOP-SSR0MR3" failures="5" tests="9" name="EOAPITest" time="6.344" errors="0" timestamp="2021-01-26T15:59:00 GMT">
  <testcase classname="com.eo.tests.GetUsers" name="getUsersValidEP_TC001" time="2.392"/>
  <testcase classname="com.eo.tests.GetUsers" name="getUsersCount_TC002" time="0.376">
    <failure type="java.lang.AssertionError" message="expected [6] but found [12]">
      <![CDATA[java.lang.AssertionError: expected [6] but found [12]
at com.eo.tests.GetUsers.getUsersCount_TC002(GetUsers.java:77)
at java.base/java.util.ArrayList.forEach(ArrayList.java:1540)
... Removed 37 stack frames]]>
    </failure>
  </testcase> <!-- getUsersCount_TC002 -->
  <testcase classname="com.eo.tests.GetUsers" name="getUsersIncorrectEP_TC003" time="0.345">
    <failure type="java.lang.AssertionError" message="expected [200] but found [404]">
      <![CDATA[java.lang.AssertionError: expected [200] but found [404]
at com.eo.tests.GetUsers.getUsersIncorrectEP_TC003(GetUsers.java:92)
at java.base/java.util.ArrayList.forEach(ArrayList.java:1540)
... Removed 37 stack frames]]>
    </failure>
  </testcase> <!-- getUsersIncorrectEP_TC003 -->
  <testcase classname="com.eo.tests.PostNewUser" name="createNewUser_TC004" time="0.761"/>
  <testcase classname="com.eo.tests.PostNewUser" name="createNewUser_TC004" time="0.394"/>
  <testcase classname="com.eo.tests.PostNewUser" name="createNewUser_TC004" time="0.62"/>
  <testcase classname="com.eo.tests.PostNewUser" name="createNewUserIncorrectEP_TC005" time="0.127">
    <failure type="java.lang.AssertionError" message="expected [201] but found [404]">
      <![CDATA[java.lang.AssertionError: expected [201] but found [404]
at com.eo.tests.PostNewUser.createNewUserIncorrectEP_TC005(PostNewUser.java:66)
at java.base/java.util.ArrayList.forEach(ArrayList.java:1540)
... Removed 37 stack frames]]>
    </failure>
  </testcase> <!-- createNewUserIncorrectEP_TC005 -->
  <testcase classname="com.eo.tests.PostNewUser" name="createNewUserIncorrectParamValues_TC006_007" time="0.234">
    <failure type="java.lang.AssertionError" message="expected [201] but found [400]">
      <![CDATA[java.lang.AssertionError: expected [201] but found [400]
at com.eo.tests.PostNewUser.createNewUserIncorrectParamValues_TC006_007(PostNewUser.java:84)
at java.base/java.util.ArrayList.forEach(ArrayList.java:1540)
... Removed 37 stack frames]]>
    </failure>
  </testcase> <!-- createNewUserIncorrectParamValues_TC006_007 -->
  <testcase classname="com.eo.tests.PostNewUser" name="createNewUserIncorrectParamValues_TC006_007" time="0.213">
    <failure type="java.lang.AssertionError" message="expected [201] but found [400]">
      <![CDATA[java.lang.AssertionError: expected [201] but found [400]
at com.eo.tests.PostNewUser.createNewUserIncorrectParamValues_TC006_007(PostNewUser.java:84)
at java.base/java.util.ArrayList.forEach(ArrayList.java:1540)
... Removed 37 stack frames]]>
    </failure>
  </testcase> <!-- createNewUserIncorrectParamValues_TC006_007 -->
</testsuite> <!-- EOAPITest -->
