<?xml version="1.0" encoding="UTF-8"?>
<testsuite xmlns:xsi="http://www.w3.org/2001/XMLSchema-instance" xsi:noNamespaceSchemaLocation="https://maven.apache.org/surefire/maven-surefire-plugin/xsd/surefire-test-report-3.0.xsd" version="3.0" name="TestSuite" time="6.854" tests="7" errors="0" skipped="0" failures="5">
  <properties>
[...]
</properties>
  <testcase name="getUsersValidEP_TC001" classname="com.eo.tests.GetUsers" time="2.518">
    <system-out><![CDATA[Response body is{"page":1,"per_page":6,"total":12,"total_pages":2,"data":[{"id":1,"email":"george.bluth@reqres.in","first_name":"George","last_name":"Bluth","avatar":"https://reqres.in/img/faces/1-image.jpg"},{"id":2,"email":"janet.weaver@reqres.in","first_name":"Janet","last_name":"Weaver","avatar":"https://reqres.in/img/faces/2-image.jpg"},{"id":3,"email":"emma.wong@reqres.in","first_name":"Emma","last_name":"Wong","avatar":"https://reqres.in/img/faces/3-image.jpg"},{"id":4,"email":"eve.holt@reqres.in","first_name":"Eve","last_name":"Holt","avatar":"https://reqres.in/img/faces/4-image.jpg"},{"id":5,"email":"charles.morris@reqres.in","first_name":"Charles","last_name":"Morris","avatar":"https://reqres.in/img/faces/5-image.jpg"},{"id":6,"email":"tracey.ramos@reqres.in","first_name":"Tracey","last_name":"Ramos","avatar":"https://reqres.in/img/faces/6-image.jpg"}],"support":{"url":"https://reqres.in/#support-heading","text":"To keep ReqRes free, contributions towards server costs are appreciated!"}}
Status code: 200
Value of object parameter total:12
Header Content Encoding value is :application/json; charset=utf-8
Header Content Encoding value is :chunked
Header Content Encoding value is :gzip
]]></system-out>
  </testcase>
  <testcase name="getUsersCount_TC002" classname="com.eo.tests.GetUsers" time="0.294">
    <failure message="expected [6] but found [12]" type="java.lang.AssertionError"><![CDATA[java.lang.AssertionError: expected [6] but found [12]
	at com.eo.tests.GetUsers.getUsersCount_TC002(GetUsers.java:72)
]]></failure>
    <system-out><![CDATA[6
Id present:1
Id present:2
Id present:3
Id present:4
Id present:5
Id present:6
]]></system-out>
  </testcase>
  <testcase name="getUsersIncorrectEP_TC003" classname="com.eo.tests.GetUsers" time="0.288">
    <failure message="expected [200] but found [404]" type="java.lang.AssertionError"><![CDATA[java.lang.AssertionError: expected [200] but found [404]
	at com.eo.tests.GetUsers.getUsersIncorrectEP_TC003(GetUsers.java:86)
]]></failure>
    <system-out><![CDATA[Status code: 200
]]></system-out>
  </testcase>
  <testcase name="createNewUser_TC004[xyz, tester](1)" classname="com.eo.tests.PostNewUser" time="0.407">
    <system-out><![CDATA[Response body is{"name":"xyz","job":"tester","id":"253","createdAt":"2021-01-26T09:44:21.553Z"}
Status code: 201
]]></system-out>
  </testcase>
  <testcase name="createNewUserIncorrectEP_TC005" classname="com.eo.tests.PostNewUser" time="0.324">
    <failure message="expected [201] but found [404]" type="java.lang.AssertionError"><![CDATA[java.lang.AssertionError: expected [201] but found [404]
	at com.eo.tests.PostNewUser.createNewUserIncorrectEP_TC005(PostNewUser.java:78)
]]></failure>
    <system-out><![CDATA[Status code: 201
]]></system-out>
  </testcase>
  <testcase name="createNewUserIncorrectParamValuesInteger_TC006" classname="com.eo.tests.PostNewUser" time="0.285">
    <failure message="expected [201] but found [400]" type="java.lang.AssertionError"><![CDATA[java.lang.AssertionError: expected [201] but found [400]
	at com.eo.tests.PostNewUser.createNewUserIncorrectParamValuesInteger_TC006(PostNewUser.java:102)
]]></failure>
    <system-out><![CDATA[Status code: 201
]]></system-out>
  </testcase>
  <testcase name="createNewUserIncorrectParamValuesSpecChar_TC007" classname="com.eo.tests.PostNewUser" time="0.239">
    <failure message="expected [201] but found [400]" type="java.lang.AssertionError"><![CDATA[java.lang.AssertionError: expected [201] but found [400]
	at com.eo.tests.PostNewUser.createNewUserIncorrectParamValuesSpecChar_TC007(PostNewUser.java:128)
]]></failure>
    <system-out><![CDATA[Status code: 201
]]></system-out>
  </testcase>
</testsuite>