<?xml version="1.0" encoding="UTF-8"?>
<testsuite xmlns:xsi="http://www.w3.org/2001/XMLSchema-instance" xsi:noNamespaceSchemaLocation="https://maven.apache.org/surefire/maven-surefire-plugin/xsd/surefire-test-report-3.0.xsd" version="3.0" name="TestSuite" time="9.072" tests="9" errors="0" skipped="0" failures="5">
  <properties>
[...]
</properties>
  <testcase name="getUsersValidEP_TC001" classname="com.eo.tests.GetUsers" time="3.214">
    <system-out><![CDATA[[INFO ] 2021-01-30 23:12:59.122 [main] GetUsers - Base URI requested
[INFO ] 2021-01-30 23:13:01.408 [main] GetUsers - Response body is{"page":1,"per_page":6,"total":12,"total_pages":2,"data":[{"id":1,"email":"george.bluth@reqres.in","first_name":"George","last_name":"Bluth","avatar":"https://reqres.in/img/faces/1-image.jpg"},{"id":2,"email":"janet.weaver@reqres.in","first_name":"Janet","last_name":"Weaver","avatar":"https://reqres.in/img/faces/2-image.jpg"},{"id":3,"email":"emma.wong@reqres.in","first_name":"Emma","last_name":"Wong","avatar":"https://reqres.in/img/faces/3-image.jpg"},{"id":4,"email":"eve.holt@reqres.in","first_name":"Eve","last_name":"Holt","avatar":"https://reqres.in/img/faces/4-image.jpg"},{"id":5,"email":"charles.morris@reqres.in","first_name":"Charles","last_name":"Morris","avatar":"https://reqres.in/img/faces/5-image.jpg"},{"id":6,"email":"tracey.ramos@reqres.in","first_name":"Tracey","last_name":"Ramos","avatar":"https://reqres.in/img/faces/6-image.jpg"}],"support":{"url":"https://reqres.in/#support-heading","text":"To keep ReqRes free, contributions towards server costs are appreciated!"}}
[INFO ] 2021-01-30 23:13:01.409 [main] GetUsers - Status code: 200
[INFO ] 2021-01-30 23:13:02.330 [main] GetUsers - Value of object parameter total:12
[INFO ] 2021-01-30 23:13:02.331 [main] GetUsers - Header Content Encoding value is :application/json; charset=utf-8
[INFO ] 2021-01-30 23:13:02.331 [main] GetUsers - Header Content Encoding value is :chunked
[INFO ] 2021-01-30 23:13:02.331 [main] GetUsers - Header Content Encoding value is :gzip
[INFO ] 2021-01-30 23:13:02.331 [main] GetUsers - Validated Get users request with valid Endpoint
]]></system-out>
  </testcase>
  <testcase name="getUsersCount_TC002" classname="com.eo.tests.GetUsers" time="0.209">
    <failure message="expected [12] but found [6]" type="java.lang.AssertionError"><![CDATA[java.lang.AssertionError: expected [12] but found [6]
	at com.eo.tests.GetUsers.getUsersCount_TC002(GetUsers.java:77)
]]></failure>
    <system-out><![CDATA[[INFO ] 2021-01-30 23:13:02.338 [main] GetUsers - Base URI requested
[INFO ] 2021-01-30 23:13:02.542 [main] GetUsers - 6
Id present:1
Id present:2
Id present:3
Id present:4
Id present:5
Id present:6
]]></system-out>
  </testcase>
  <testcase name="getUsersIncorrectEP_TC003" classname="com.eo.tests.GetUsers" time="0.303">
    <failure message="expected [404] but found [200]" type="java.lang.AssertionError"><![CDATA[java.lang.AssertionError: expected [404] but found [200]
	at com.eo.tests.GetUsers.getUsersIncorrectEP_TC003(GetUsers.java:93)
]]></failure>
    <system-out><![CDATA[[INFO ] 2021-01-30 23:13:02.549 [main] GetUsers - Base URI requested
[INFO ] 2021-01-30 23:13:02.855 [main] GetUsers - Status code: 200
]]></system-out>
  </testcase>
  <testcase name="createNewUser_TC004[xyz, tester](1)" classname="com.eo.tests.PostNewUser" time="0.265">
    <system-out><![CDATA[File Path = C:/Users/Asus/workspace/RestAssuredAPITestEO/src/main/java/com/eo/util/DataUtil.xlsx
[INFO ] 2021-01-30 23:13:03.651 [main] PostNewUser - Iterate each value from excel cellxyz
[INFO ] 2021-01-30 23:13:03.733 [main] PostNewUser - Iterate each value from excel celltester
[INFO ] 2021-01-30 23:13:03.813 [main] PostNewUser - Iterate each value from excel cellUrmila
[INFO ] 2021-01-30 23:13:03.890 [main] PostNewUser - Iterate each value from excel celltester
[INFO ] 2021-01-30 23:13:04.013 [main] PostNewUser - Iterate each value from excel cell123
[INFO ] 2021-01-30 23:13:04.071 [main] PostNewUser - Iterate each value from excel celltester
[INFO ] 2021-01-30 23:13:04.075 [main] PostNewUser - Base URI requested
[INFO ] 2021-01-30 23:13:04.082 [main] PostNewUser - Request parameters and header added
[INFO ] 2021-01-30 23:13:04.277 [main] PostNewUser - Response body is{"name":"xyz","job":"tester","id":"558","createdAt":"2021-01-30T23:13:04.132Z"}
[INFO ] 2021-01-30 23:13:04.277 [main] PostNewUser - Status code: 201
[INFO ] 2021-01-30 23:13:04.277 [main] PostNewUser - Verified status code.
[INFO ] 2021-01-30 23:13:04.289 [main] PostNewUser - Verified 'id' generated for post request in response body
[INFO ] 2021-01-30 23:13:04.321 [main] PostNewUser - Verified posted request parameters in response body
[INFO ] 2021-01-30 23:13:04.321 [main] PostNewUser - Verified header value in response body
]]></system-out>
  </testcase>
  <testcase name="createNewUser_TC004[Urmila, tester](2)" classname="com.eo.tests.PostNewUser" time="0.198">
    <system-out><![CDATA[[INFO ] 2021-01-30 23:13:04.328 [main] PostNewUser - Base URI requested
[INFO ] 2021-01-30 23:13:04.330 [main] PostNewUser - Request parameters and header added
[INFO ] 2021-01-30 23:13:04.491 [main] PostNewUser - Response body is{"name":"Urmila","job":"tester","id":"502","createdAt":"2021-01-30T23:13:04.345Z"}
[INFO ] 2021-01-30 23:13:04.491 [main] PostNewUser - Status code: 201
[INFO ] 2021-01-30 23:13:04.491 [main] PostNewUser - Verified status code.
[INFO ] 2021-01-30 23:13:04.504 [main] PostNewUser - Verified 'id' generated for post request in response body
[INFO ] 2021-01-30 23:13:04.526 [main] PostNewUser - Verified posted request parameters in response body
[INFO ] 2021-01-30 23:13:04.526 [main] PostNewUser - Verified header value in response body
]]></system-out>
  </testcase>
  <testcase name="createNewUser_TC004[123, tester](3)" classname="com.eo.tests.PostNewUser" time="0.17">
    <system-out><![CDATA[[INFO ] 2021-01-30 23:13:04.527 [main] PostNewUser - Base URI requested
[INFO ] 2021-01-30 23:13:04.528 [main] PostNewUser - Request parameters and header added
[INFO ] 2021-01-30 23:13:04.674 [main] PostNewUser - Response body is{"name":"123","job":"tester","id":"807","createdAt":"2021-01-30T23:13:04.529Z"}
[INFO ] 2021-01-30 23:13:04.675 [main] PostNewUser - Status code: 201
[INFO ] 2021-01-30 23:13:04.675 [main] PostNewUser - Verified status code.
[INFO ] 2021-01-30 23:13:04.686 [main] PostNewUser - Verified 'id' generated for post request in response body
[INFO ] 2021-01-30 23:13:04.709 [main] PostNewUser - Verified posted request parameters in response body
[INFO ] 2021-01-30 23:13:04.709 [main] PostNewUser - Verified header value in response body
]]></system-out>
  </testcase>
  <testcase name="createNewUserIncorrectEP_TC005" classname="com.eo.tests.PostNewUser" time="0.361">
    <failure message="expected [404] but found [201]" type="java.lang.AssertionError"><![CDATA[java.lang.AssertionError: expected [404] but found [201]
	at com.eo.tests.PostNewUser.createNewUserIncorrectEP_TC005(PostNewUser.java:82)
]]></failure>
    <system-out><![CDATA[[INFO ] 2021-01-30 23:13:04.712 [main] PostNewUser - Base URI requested
[INFO ] 2021-01-30 23:13:04.716 [main] PostNewUser - Request parameters and header added
[INFO ] 2021-01-30 23:13:05.060 [main] PostNewUser - Incorrect endpoint requested
[INFO ] 2021-01-30 23:13:05.061 [main] PostNewUser - Status code: 201
]]></system-out>
  </testcase>
  <testcase name="createNewUserIncorrectParamValues_TC006_007[123, 456](1)" classname="com.eo.tests.PostNewUser" time="0.134">
    <failure message="expected [400] but found [201]" type="java.lang.AssertionError"><![CDATA[java.lang.AssertionError: expected [400] but found [201]
	at com.eo.tests.PostNewUser.createNewUserIncorrectParamValues_TC006_007(PostNewUser.java:103)
]]></failure>
    <system-out><![CDATA[[INFO ] 2021-01-30 23:13:05.062 [main] PostNewUser - Base URI requested
[INFO ] 2021-01-30 23:13:05.063 [main] PostNewUser - Incorrect request parameters (integer values/ special characters instead of sring object) added into body
[INFO ] 2021-01-30 23:13:05.064 [main] PostNewUser - Request parameters and header added
[INFO ] 2021-01-30 23:13:05.208 [main] PostNewUser - Status code: 201
]]></system-out>
  </testcase>
  <testcase name="createNewUserIncorrectParamValues_TC006_007[$%*, @&amp;^](2)" classname="com.eo.tests.PostNewUser" time="0.345">
    <failure message="expected [400] but found [201]" type="java.lang.AssertionError"><![CDATA[java.lang.AssertionError: expected [400] but found [201]
	at com.eo.tests.PostNewUser.createNewUserIncorrectParamValues_TC006_007(PostNewUser.java:103)
]]></failure>
    <system-out><![CDATA[[INFO ] 2021-01-30 23:13:05.209 [main] PostNewUser - Base URI requested
[INFO ] 2021-01-30 23:13:05.210 [main] PostNewUser - Incorrect request parameters (integer values/ special characters instead of sring object) added into body
[INFO ] 2021-01-30 23:13:05.210 [main] PostNewUser - Request parameters and header added
[INFO ] 2021-01-30 23:13:05.553 [main] PostNewUser - Status code: 201
]]></system-out>
  </testcase>
</testsuite>